Removed Pin From Net: NetName=NetC2_4 Pin=C3-2
Removed Pin From Net: NetName=NetC2_3 Pin=C3-3
Removed Pin From Net: NetName=NetC2_2 Pin=C3-4
Removed Pin From Net: NetName=NetC2_1 Pin=C3-5
Change Component Footprint: Designator=C3 Old Footprint=HDR5 New Footprint=Header4
Change Component Footprint: Designator=C2 Old Footprint=HDR5 New Footprint=JP4-C1T
Change Component Footprint: Designator=C1 Old Footprint=JP5-C1T New Footprint=JP5-D1T
Change Component Comment : Designator=C3 Old Comment=Header5 New Comment=Header4
Change Component Comment : Designator=C2 Old Comment=Header5 New Comment=JP4
Change component parameters: Designator = "C2"; Footprint = "JP4-C1T"; UniqueID = "\UCEZMDTO"
Change component parameters. Clean all parameters for all variants
Change component parameters (AddParameter): Name = "ComponentLink1 Description"; Value = "Manufacturer"; VariantName = "[No Variations]"
Change component parameters (AddParameter): Name = "ComponentLink1URL"; Value = "http://www.we-online.com"; VariantName = "[No Variations]"
Change component parameters (AddParameter): Name = "ComponentLink2 Description"; Value = "Datasheet"; VariantName = "[No Variations]"
Change component parameters (AddParameter): Name = "ComponentLink2URL"; Value = "http://katalog.we-online.de/em/datasheet/6130xx143121.pdf"; VariantName = "[No Variations]"
Change component parameters (AddParameter): Name = "Created by"; Value = "Karrer Zheng"; VariantName = "[No Variations]"
Change component parameters (AddParameter): Name = "Created Date"; Value = "29 March 2013"; VariantName = "[No Variations]"
Change component parameters (AddParameter): Name = "Manufacturer"; Value = "W¨¹rth Elektronik eiSos GmbH"; VariantName = "[No Variations]"
Change component parameters (AddParameter): Name = "NoPins"; Value = "04"; VariantName = "[No Variations]"
Change component parameters (AddParameter): Name = "partNo"; Value = "613004143121"; VariantName = "[No Variations]"
Added Pin To Net: NetName=NetC2_4 Pin=C3-1
Added Pin To Net: NetName=NetC2_3 Pin=C3-2
Added Pin To Net: NetName=NetC2_2 Pin=C3-3
Added Pin To Net: NetName=NetC2_1 Pin=C3-4
Added Room: Name=Sheet2
