Added Component: Designator=?(BLUE_PILL)
Add component. Clean all parameters for all variants
Add component (AddParameter): Name = "DeviceName"; Value = ""; VariantName = "[No Variations]"
Add component (AddParameter): Name = "DeviceSetName"; Value = "BLUE_PILL"; VariantName = "[No Variations]"
Add component (AddParameter): Name = "GateName_1"; Value = "G$1"; VariantName = "[No Variations]"
Add component (AddParameter): Name = "LibraryName"; Value = "BluePill"; VariantName = "[No Variations]"
Add component (AddParameter): Name = "Package"; Value = "BLUE_PILL"; VariantName = "[No Variations]"
Add component (AddParameter): Name = "SymbolName_1"; Value = "BLUE_PILL"; VariantName = "[No Variations]"
Added Component: Designator=C1(JP5-C1T)
Add component. Clean all parameters for all variants
Add component (AddParameter): Name = "ComponentLink1 Description"; Value = "Manufacturer"; VariantName = "[No Variations]"
Add component (AddParameter): Name = "ComponentLink1URL"; Value = "http://www.we-online.com"; VariantName = "[No Variations]"
Add component (AddParameter): Name = "ComponentLink2 Description"; Value = "Datasheet"; VariantName = "[No Variations]"
Add component (AddParameter): Name = "ComponentLink2URL"; Value = "http://katalog.we-online.de/em/datasheet/6130xx143121.pdf"; VariantName = "[No Variations]"
Add component (AddParameter): Name = "Created by"; Value = "Karrer Zheng"; VariantName = "[No Variations]"
Add component (AddParameter): Name = "Created Date"; Value = "29 March 2013"; VariantName = "[No Variations]"
Add component (AddParameter): Name = "Manufacturer"; Value = "W¨¹rth Elektronik eiSos GmbH"; VariantName = "[No Variations]"
Add component (AddParameter): Name = "NoPins"; Value = "05"; VariantName = "[No Variations]"
Add component (AddParameter): Name = "partNo"; Value = "613005143121"; VariantName = "[No Variations]"
Added Component: Designator=C2(HDR5)
Add component. Clean all parameters for all variants
Add component (AddParameter): Name = "ComponentLink1 Description"; Value = "Manufacturer"; VariantName = "[No Variations]"
Add component (AddParameter): Name = "ComponentLink1URL"; Value = "http://www.we-online.com"; VariantName = "[No Variations]"
Add component (AddParameter): Name = "ComponentLink2 Description"; Value = "Datasheet"; VariantName = "[No Variations]"
Add component (AddParameter): Name = "ComponentLink2URL"; Value = "http://katalog.we-online.de/em/datasheet/6130xx143121.pdf"; VariantName = "[No Variations]"
Add component (AddParameter): Name = "Created by"; Value = "Karrer Zheng"; VariantName = "[No Variations]"
Add component (AddParameter): Name = "Created Date"; Value = "29 March 2013"; VariantName = "[No Variations]"
Add component (AddParameter): Name = "Manufacturer"; Value = "W¨¹rth Elektronik eiSos GmbH"; VariantName = "[No Variations]"
Add component (AddParameter): Name = "NoPins"; Value = "02"; VariantName = "[No Variations]"
Add component (AddParameter): Name = "partNo"; Value = "613002143121"; VariantName = "[No Variations]"
Added Component: Designator=C3(HDR5)
Add component. Clean all parameters for all variants
Add component (AddParameter): Name = "ComponentLink1 Description"; Value = "Manufacturer"; VariantName = "[No Variations]"
Add component (AddParameter): Name = "ComponentLink1URL"; Value = "http://www.we-online.com"; VariantName = "[No Variations]"
Add component (AddParameter): Name = "ComponentLink2 Description"; Value = "Datasheet"; VariantName = "[No Variations]"
Add component (AddParameter): Name = "ComponentLink2URL"; Value = "http://katalog.we-online.de/em/datasheet/6130xx143121.pdf"; VariantName = "[No Variations]"
Add component (AddParameter): Name = "Created by"; Value = "Karrer Zheng"; VariantName = "[No Variations]"
Add component (AddParameter): Name = "Created Date"; Value = "29 March 2013"; VariantName = "[No Variations]"
Add component (AddParameter): Name = "Manufacturer"; Value = "W¨¹rth Elektronik eiSos GmbH"; VariantName = "[No Variations]"
Add component (AddParameter): Name = "NoPins"; Value = "02"; VariantName = "[No Variations]"
Add component (AddParameter): Name = "partNo"; Value = "613002143121"; VariantName = "[No Variations]"
Added Component: Designator=JP1(HED2)
Add component. Clean all parameters for all variants
Add component (AddParameter): Name = "Class"; Value = "Connector"; VariantName = "[No Variations]"
Add component (AddParameter): Name = "Manufacturer"; Value = "Generic Components"; VariantName = "[No Variations]"
Add component (AddParameter): Name = "Value"; Value = "Header 2"; VariantName = "[No Variations]"
Added Component: Designator=LED?(LED-5-Green)
Add component. Clean all parameters for all variants
Add component (AddParameter): Name = "Value"; Value = "LED 3 ly Single Colour"; VariantName = "[No Variations]"
Added Component: Designator=M?(NRF24L01)
Add component. Clean all parameters for all variants
Added Component: Designator=SW1(SW2-DIP)
Add component. Clean all parameters for all variants
Add component (AddParameter): Name = "Value"; Value = "Button chip 4 pin"; VariantName = "[No Variations]"
Added Component: Designator=SW2(SW2-DIP)
Add component. Clean all parameters for all variants
Add component (AddParameter): Name = "Value"; Value = "Button chip 4 pin"; VariantName = "[No Variations]"
Added Pin To Net: NetName=GND Pin=?-P$19
Added Pin To Net: NetName=GND Pin=C1-5
Added Pin To Net: NetName=GND Pin=JP1-2
Added Pin To Net: NetName=GND Pin=LED?-2
Added Pin To Net: NetName=GND Pin=M?-1
Added Net: Name=GND
Added Pin To Net: NetName=Net?_P$12 Pin=?-P$12
Added Pin To Net: NetName=Net?_P$12 Pin=LED?-1
Added Net: Name=Net?_P$12
Added Pin To Net: NetName=Net?_P$14 Pin=?-P$14
Added Pin To Net: NetName=Net?_P$14 Pin=SW2-1
Added Net: Name=Net?_P$14
Added Pin To Net: NetName=Net?_P$20 Pin=?-P$20
Added Pin To Net: NetName=Net?_P$20 Pin=C1-4
Added Pin To Net: NetName=Net?_P$20 Pin=JP1-1
Added Pin To Net: NetName=Net?_P$20 Pin=M?-8
Added Pin To Net: NetName=Net?_P$20 Pin=SW1-2
Added Pin To Net: NetName=Net?_P$20 Pin=SW2-2
Added Net: Name=Net?_P$20
Added Pin To Net: NetName=Net?_P$27 Pin=?-P$27
Added Pin To Net: NetName=Net?_P$27 Pin=M?-2
Added Net: Name=Net?_P$27
Added Pin To Net: NetName=Net?_P$28 Pin=?-P$28
Added Pin To Net: NetName=Net?_P$28 Pin=M?-7
Added Net: Name=Net?_P$28
Added Pin To Net: NetName=Net?_P$29 Pin=?-P$29
Added Pin To Net: NetName=Net?_P$29 Pin=M?-6
Added Net: Name=Net?_P$29
Added Pin To Net: NetName=Net?_P$30 Pin=?-P$30
Added Pin To Net: NetName=Net?_P$30 Pin=M?-4
Added Net: Name=Net?_P$30
Added Pin To Net: NetName=Net?_P$31 Pin=?-P$31
Added Pin To Net: NetName=Net?_P$31 Pin=M?-3
Added Net: Name=Net?_P$31
Added Pin To Net: NetName=Net?_P$34 Pin=?-P$34
Added Pin To Net: NetName=Net?_P$34 Pin=C1-1
Added Net: Name=Net?_P$34
Added Pin To Net: NetName=Net?_P$35 Pin=?-P$35
Added Pin To Net: NetName=Net?_P$35 Pin=C1-2
Added Net: Name=Net?_P$35
Added Pin To Net: NetName=Net?_P$36 Pin=?-P$36
Added Pin To Net: NetName=Net?_P$36 Pin=C1-3
Added Net: Name=Net?_P$36
Added Pin To Net: NetName=NetC2_1 Pin=C2-1
Added Pin To Net: NetName=NetC2_1 Pin=C3-5
Added Net: Name=NetC2_1
Added Pin To Net: NetName=NetC2_2 Pin=C2-2
Added Pin To Net: NetName=NetC2_2 Pin=C3-4
Added Net: Name=NetC2_2
Added Pin To Net: NetName=NetC2_3 Pin=C2-3
Added Pin To Net: NetName=NetC2_3 Pin=C3-3
Added Net: Name=NetC2_3
Added Pin To Net: NetName=NetC2_4 Pin=C2-4
Added Pin To Net: NetName=NetC2_4 Pin=C3-2
Added Net: Name=NetC2_4
Added Pin To Net: NetName=NetC2_5 Pin=C2-5
Added Pin To Net: NetName=NetC2_5 Pin=C3-1
Added Net: Name=NetC2_5
Added Class: Name=Sheet2
Added Room: Name=Sheet2
